[LOG] System::create                           : Header version = 2.01.10. Current version = 2.01.10.
[LOG] Manager::init                            : maxchannels = 256 studioflags = 00000006 flags 00000000 extradriverdata 0000000000000000.
[LOG] SystemI::init                            : Initialize version=20110 (116632), maxchannels=256, flags=0x00020000
[LOG] SystemI::setOutputInternal               : Setting output to 'FMOD WASAPI Output'
[LOG] OutputWASAPI::init                       : Mix Format (WAVEFORMATEX): wFormatTag=0xFFFE, nChannels=2, nSamplesPerSec=48000, nAvgBytesPerSec=384000, nBlockAlign=8, wBitsPerSample=32, cbSize=22.
[LOG] OutputWASAPI::init                       : Mix Format (WAVEFORMATEXTENSIBLE): wValidBitsPerSample=32, dwChannelMask=0x00000003, SubFormat=00000003-0000-0010-8000-00AA00389B71.
[LOG] OutputWASAPI::init                       : Output buffer size: 4096 samples, latency: 0.00ms, period: 10.00ms, DSP buffer: 1024 * 4
[LOG] Thread::initThread                       : Init FMOD stream thread. Affinity: 0x8000000000000003, Priority: 0xFFFF7FFB, Stack Size: 98304, Semaphore: No, Sleep Time: 10, Looping: Yes.
[LOG] Thread::initThread                       : Init FMOD mixer thread. Affinity: 0x8000000000000001, Priority: 0xFFFF7FFA, Stack Size: 81920, Semaphore: No, Sleep Time: 0, Looping: Yes.
[LOG] AsyncManager::init                       : manager 000001ADBD550038 isAsync 0 updatePeriod 0.02
[LOG] AsyncManager::init                       : done
[LOG] PlaybackSystem::init                     : 
[LOG] Thread::initThread                       : Init FMOD Studio sample load thread. Affinity: 0x8000000000000003, Priority: 0xFFFF7FFD, Stack Size: 98304, Semaphore: No, Sleep Time: 1, Looping: No.
[LOG] PlaybackSystem::init                     : done
[LOG] Thread::initThread                       : Init FMOD Studio bank load thread. Affinity: 0x8000000000000003, Priority: 0xFFFF7FFD, Stack Size: 98304, Semaphore: No, Sleep Time: 1, Looping: No.
[LOG] Manager::init                            : done.
[LOG] Manager::readBank                        : fileversion = 135, compatVersion = 132 (oldest = 44, newest = 135)
[LOG] Manager::readBank                        : fileversion = 135, compatVersion = 132 (oldest = 44, newest = 135)
[LOG] Manager::readBank                        : fileversion = 135, compatVersion = 132 (oldest = 44, newest = 135)
[LOG] PlaybackSystem::acquireMasterBus         : Setting master channel group format to 6
[LOG] Manager::readBank                        : fileversion = 135, compatVersion = 132 (oldest = 44, newest = 135)
[LOG] Thread::callback                         : FMOD Studio update thread finished.
[LOG] Thread::callback                         : FMOD Studio bank load thread finished.
[LOG] Profile::disconnectAll                   : Profiler disconnecting all clients
[LOG] Thread::callback                         : FMOD Studio sample load thread finished.
[LOG] LiveUpdate::release                      : 
[LOG] LiveUpdate::reset                        : Reset connection (reason Disconnected)
[LOG] Thread::callback                         : FMOD stream thread finished.
[LOG] Thread::callback                         : FMOD mixer thread finished.
[LOG] Profile::disconnectAll                   : Profiler disconnecting all clients
[LOG] SystemI::close                           : Closed.
[LOG] Manager::readBank                        : fileversion = 135, compatVersion = 132 (oldest = 44, newest = 135)
[LOG] PlaybackSystem::acquireMasterBus         : Setting master channel group format to 6
[LOG] Manager::readBank                        : fileversion = 135, compatVersion = 132 (oldest = 44, newest = 135)
[LOG] SystemI::createSoundInternal             : Create name='', mode=0x02000202
[LOG] SystemI::createSoundInternal             : exinfo->cbsize             = 224
[LOG] SystemI::createSoundInternal             : exinfo->length             = 149408
[LOG] SystemI::createSoundInternal             : exinfo->fileoffset         = 6080
[LOG] SystemI::createSoundInternal             : exinfo->numsubsounds       = 1
[LOG] SystemI::createSoundInternal             : exinfo->inclusionlist      = 0000003E015FEF08
[LOG] SystemI::createSoundInternal             : exinfo->inclusionlistnum   = 1
[LOG] SystemI::createSoundInternal             : exinfo->suggestedsoundtype = 5
[LOG] SystemI::createSoundInternal             : exinfo->useropen           = 00007FFE813D7EC0
[LOG] SystemI::createSoundInternal             : exinfo->userclose          = 00007FFE813D7E90
[LOG] SystemI::createSoundInternal             : exinfo->userread           = 00007FFE813D7F90
[LOG] SystemI::createSoundInternal             : exinfo->userseek           = 00007FFE813D8050
[LOG] SystemI::createSoundInternal             : exinfo->fileuserdata       = 000001AD1BC56628
[LOG] SystemI::createSoundInternal             : exinfo->initialseekpostype = 1
[LOG] SystemI::DSPCodecPoolRegister            : register codec pool for pool type 5
[LOG] SystemI::createSoundInternal             : Sample 0/1: name='EXPLOSION_DEATH_VARIANT01_02', format=5, channels=2, frequency=48000, lengthbytes=26688, lengthpcm=179262, pcmblocksize=0, loopstart=0, loopend=0, mode=0x00000000, channelmask=0x00000000, channelorder=0, peakvolume=0.963283.
[LOG] SoundI::release                          :  (000001ADBD6B9538)
[LOG] SoundI::release                          :     EXPLOSION_DEATH_VARIANT01_02 (000001ADB81E9258)
[LOG] Manager::readBank                        : fileversion = 135, compatVersion = 132 (oldest = 44, newest = 135)
[LOG] PlaybackSystem::acquireMasterBus         : Setting master channel group format to 6
[LOG] Manager::readBank                        : fileversion = 135, compatVersion = 132 (oldest = 44, newest = 135)
[LOG] SystemI::createSoundInternal             : Create name='', mode=0x02000202
[LOG] SystemI::createSoundInternal             : exinfo->cbsize             = 224
[LOG] SystemI::createSoundInternal             : exinfo->length             = 149408
[LOG] SystemI::createSoundInternal             : exinfo->fileoffset         = 6080
[LOG] SystemI::createSoundInternal             : exinfo->numsubsounds       = 1
[LOG] SystemI::createSoundInternal             : exinfo->inclusionlist      = 0000003E015FEF08
[LOG] SystemI::createSoundInternal             : exinfo->inclusionlistnum   = 1
[LOG] SystemI::createSoundInternal             : exinfo->suggestedsoundtype = 5
[LOG] SystemI::createSoundInternal             : exinfo->useropen           = 00007FFE813D7EC0
[LOG] SystemI::createSoundInternal             : exinfo->userclose          = 00007FFE813D7E90
[LOG] SystemI::createSoundInternal             : exinfo->userread           = 00007FFE813D7F90
[LOG] SystemI::createSoundInternal             : exinfo->userseek           = 00007FFE813D8050
[LOG] SystemI::createSoundInternal             : exinfo->fileuserdata       = 000001ADB84F4118
[LOG] SystemI::createSoundInternal             : exinfo->initialseekpostype = 1
[LOG] SystemI::DSPCodecPoolRegister            : register codec pool for pool type 5
[LOG] SystemI::createSoundInternal             : Sample 0/1: name='EXPLOSION_DEATH_VARIANT01_04', format=5, channels=2, frequency=48000, lengthbytes=27520, lengthpcm=217861, pcmblocksize=0, loopstart=0, loopend=0, mode=0x00000000, channelmask=0x00000000, channelorder=0, peakvolume=0.904594.
[LOG] SoundI::release                          :  (000001ADBD6B8118)
[LOG] SoundI::release                          :     EXPLOSION_DEATH_VARIANT01_04 (000001ADB81ECE78)
[LOG] Manager::readBank                        : fileversion = 135, compatVersion = 132 (oldest = 44, newest = 135)
[LOG] PlaybackSystem::acquireMasterBus         : Setting master channel group format to 6
[LOG] Manager::readBank                        : fileversion = 135, compatVersion = 132 (oldest = 44, newest = 135)
[LOG] SystemI::createSoundInternal             : Create name='', mode=0x02000202
[LOG] SystemI::createSoundInternal             : exinfo->cbsize             = 224
[LOG] SystemI::createSoundInternal             : exinfo->length             = 149408
[LOG] SystemI::createSoundInternal             : exinfo->fileoffset         = 6080
[LOG] SystemI::createSoundInternal             : exinfo->numsubsounds       = 1
[LOG] SystemI::createSoundInternal             : exinfo->inclusionlist      = 0000003E015FEF08
[LOG] SystemI::createSoundInternal             : exinfo->inclusionlistnum   = 1
[LOG] SystemI::createSoundInternal             : exinfo->suggestedsoundtype = 5
[LOG] SystemI::createSoundInternal             : exinfo->useropen           = 00007FFE813D7EC0
[LOG] SystemI::createSoundInternal             : exinfo->userclose          = 00007FFE813D7E90
[LOG] SystemI::createSoundInternal             : exinfo->userread           = 00007FFE813D7F90
[LOG] SystemI::createSoundInternal             : exinfo->userseek           = 00007FFE813D8050
[LOG] SystemI::createSoundInternal             : exinfo->fileuserdata       = 000001ADB84F6008
[LOG] SystemI::createSoundInternal             : exinfo->initialseekpostype = 1
[LOG] SystemI::DSPCodecPoolRegister            : register codec pool for pool type 5
[LOG] SystemI::createSoundInternal             : Sample 0/1: name='EXPLOSION_DEATH_VARIANT01_04', format=5, channels=2, frequency=48000, lengthbytes=27520, lengthpcm=217861, pcmblocksize=0, loopstart=0, loopend=0, mode=0x00000000, channelmask=0x00000000, channelorder=0, peakvolume=0.904594.
[LOG] SoundI::release                          :  (000001ADBD6B9F48)
[LOG] SoundI::release                          :     EXPLOSION_DEATH_VARIANT01_04 (000001ADB81ECE78)
[LOG] Manager::readBank                        : fileversion = 135, compatVersion = 132 (oldest = 44, newest = 135)
[LOG] Manager::readBank                        : fileversion = 135, compatVersion = 132 (oldest = 44, newest = 135)
[LOG] Manager::readBank                        : fileversion = 135, compatVersion = 132 (oldest = 44, newest = 135)
[LOG] PlaybackSystem::acquireMasterBus         : Setting master channel group format to 6
[LOG] Manager::readBank                        : fileversion = 135, compatVersion = 132 (oldest = 44, newest = 135)
[LOG] Manager::readBank                        : fileversion = 135, compatVersion = 132 (oldest = 44, newest = 135)
[LOG] Manager::readBank                        : fileversion = 135, compatVersion = 132 (oldest = 44, newest = 135)
[LOG] PlaybackSystem::acquireMasterBus         : Setting master channel group format to 6
[LOG] Manager::readBank                        : fileversion = 135, compatVersion = 132 (oldest = 44, newest = 135)
[LOG] PlaybackSystem::acquireMasterBus         : Setting master channel group format to 6
[LOG] Manager::readBank                        : fileversion = 135, compatVersion = 132 (oldest = 44, newest = 135)
[LOG] SystemI::createSoundInternal             : Create name='', mode=0x02000202
[LOG] SystemI::createSoundInternal             : exinfo->cbsize             = 224
[LOG] SystemI::createSoundInternal             : exinfo->length             = 149408
[LOG] SystemI::createSoundInternal             : exinfo->fileoffset         = 6080
[LOG] SystemI::createSoundInternal             : exinfo->numsubsounds       = 1
[LOG] SystemI::createSoundInternal             : exinfo->inclusionlist      = 0000003E015FEF08
[LOG] SystemI::createSoundInternal             : exinfo->inclusionlistnum   = 1
[LOG] SystemI::createSoundInternal             : exinfo->suggestedsoundtype = 5
[LOG] SystemI::createSoundInternal             : exinfo->useropen           = 00007FFE813D7EC0
[LOG] SystemI::createSoundInternal             : exinfo->userclose          = 00007FFE813D7E90
[LOG] SystemI::createSoundInternal             : exinfo->userread           = 00007FFE813D7F90
[LOG] SystemI::createSoundInternal             : exinfo->userseek           = 00007FFE813D8050
[LOG] SystemI::createSoundInternal             : exinfo->fileuserdata       = 000001AD1BE49438
[LOG] SystemI::createSoundInternal             : exinfo->initialseekpostype = 1
[LOG] SystemI::DSPCodecPoolRegister            : register codec pool for pool type 5
[LOG] SystemI::createSoundInternal             : Sample 0/1: name='EXPLOSION_DEATH_VARIANT01_01', format=5, channels=2, frequency=48000, lengthbytes=34752, lengthpcm=232286, pcmblocksize=0, loopstart=0, loopend=0, mode=0x00000000, channelmask=0x00000000, channelorder=0, peakvolume=0.861066.
[LOG] SoundI::release                          :  (000001ADBD6B8288)
[LOG] SoundI::release                          :     EXPLOSION_DEATH_VARIANT01_01 (000001ADB81ECE78)
[LOG] Manager::readBank                        : fileversion = 135, compatVersion = 132 (oldest = 44, newest = 135)
[LOG] PlaybackSystem::acquireMasterBus         : Setting master channel group format to 6
[LOG] Manager::readBank                        : fileversion = 135, compatVersion = 132 (oldest = 44, newest = 135)
[LOG] SystemI::createSoundInternal             : Create name='', mode=0x02000202
[LOG] SystemI::createSoundInternal             : exinfo->cbsize             = 224
[LOG] SystemI::createSoundInternal             : exinfo->length             = 149408
[LOG] SystemI::createSoundInternal             : exinfo->fileoffset         = 6080
[LOG] SystemI::createSoundInternal             : exinfo->numsubsounds       = 1
[LOG] SystemI::createSoundInternal             : exinfo->inclusionlist      = 0000003E015FEF08
[LOG] SystemI::createSoundInternal             : exinfo->inclusionlistnum   = 1
[LOG] SystemI::createSoundInternal             : exinfo->suggestedsoundtype = 5
[LOG] SystemI::createSoundInternal             : exinfo->useropen           = 00007FFE813D7EC0
[LOG] SystemI::createSoundInternal             : exinfo->userclose          = 00007FFE813D7E90
[LOG] SystemI::createSoundInternal             : exinfo->userread           = 00007FFE813D7F90
[LOG] SystemI::createSoundInternal             : exinfo->userseek           = 00007FFE813D8050
[LOG] SystemI::createSoundInternal             : exinfo->fileuserdata       = 000001AD1BE49438
[LOG] SystemI::createSoundInternal             : exinfo->initialseekpostype = 1
[LOG] SystemI::DSPCodecPoolRegister            : register codec pool for pool type 5
[LOG] SystemI::createSoundInternal             : Sample 0/1: name='EXPLOSION_DEATH_VARIANT01_02', format=5, channels=2, frequency=48000, lengthbytes=26688, lengthpcm=179262, pcmblocksize=0, loopstart=0, loopend=0, mode=0x00000000, channelmask=0x00000000, channelorder=0, peakvolume=0.963283.
[LOG] SoundI::release                          :  (000001ADBD6B8288)
[LOG] SoundI::release                          :     EXPLOSION_DEATH_VARIANT01_02 (000001ADB81ED1B8)
[LOG] Manager::readBank                        : fileversion = 135, compatVersion = 132 (oldest = 44, newest = 135)
[LOG] PlaybackSystem::acquireMasterBus         : Setting master channel group format to 6
[LOG] Manager::readBank                        : fileversion = 135, compatVersion = 132 (oldest = 44, newest = 135)
[LOG] SystemI::createSoundInternal             : Create name='', mode=0x02000202
[LOG] SystemI::createSoundInternal             : exinfo->cbsize             = 224
[LOG] SystemI::createSoundInternal             : exinfo->length             = 149408
[LOG] SystemI::createSoundInternal             : exinfo->fileoffset         = 6080
[LOG] SystemI::createSoundInternal             : exinfo->numsubsounds       = 1
[LOG] SystemI::createSoundInternal             : exinfo->inclusionlist      = 0000003E015FEF08
[LOG] SystemI::createSoundInternal             : exinfo->inclusionlistnum   = 1
[LOG] SystemI::createSoundInternal             : exinfo->suggestedsoundtype = 5
[LOG] SystemI::createSoundInternal             : exinfo->useropen           = 00007FFE813D7EC0
[LOG] SystemI::createSoundInternal             : exinfo->userclose          = 00007FFE813D7E90
[LOG] SystemI::createSoundInternal             : exinfo->userread           = 00007FFE813D7F90
[LOG] SystemI::createSoundInternal             : exinfo->userseek           = 00007FFE813D8050
[LOG] SystemI::createSoundInternal             : exinfo->fileuserdata       = 000001AD1BE4DC68
[LOG] SystemI::createSoundInternal             : exinfo->initialseekpostype = 1
[LOG] SystemI::DSPCodecPoolRegister            : register codec pool for pool type 5
[LOG] SystemI::createSoundInternal             : Sample 0/1: name='EXPLOSION_DEATH_VARIANT01_03', format=5, channels=2, frequency=48000, lengthbytes=60000, lengthpcm=310604, pcmblocksize=0, loopstart=0, loopend=0, mode=0x00000000, channelmask=0x00000000, channelorder=0, peakvolume=0.937452.
[LOG] SoundI::release                          :  (000001ADBD6BA958)
[LOG] SoundI::release                          :     EXPLOSION_DEATH_VARIANT01_03 (000001ADB81E9258)
[LOG] Manager::readBank                        : fileversion = 135, compatVersion = 132 (oldest = 44, newest = 135)
[LOG] PlaybackSystem::acquireMasterBus         : Setting master channel group format to 6
[LOG] Manager::readBank                        : fileversion = 135, compatVersion = 132 (oldest = 44, newest = 135)
[LOG] SystemI::createSoundInternal             : Create name='', mode=0x02000202
[LOG] SystemI::createSoundInternal             : exinfo->cbsize             = 224
[LOG] SystemI::createSoundInternal             : exinfo->length             = 149408
[LOG] SystemI::createSoundInternal             : exinfo->fileoffset         = 6080
[LOG] SystemI::createSoundInternal             : exinfo->numsubsounds       = 1
[LOG] SystemI::createSoundInternal             : exinfo->inclusionlist      = 0000003E015FEF08
[LOG] SystemI::createSoundInternal             : exinfo->inclusionlistnum   = 1
[LOG] SystemI::createSoundInternal             : exinfo->suggestedsoundtype = 5
[LOG] SystemI::createSoundInternal             : exinfo->useropen           = 00007FFE813D7EC0
[LOG] SystemI::createSoundInternal             : exinfo->userclose          = 00007FFE813D7E90
[LOG] SystemI::createSoundInternal             : exinfo->userread           = 00007FFE813D7F90
[LOG] SystemI::createSoundInternal             : exinfo->userseek           = 00007FFE813D8050
[LOG] SystemI::createSoundInternal             : exinfo->fileuserdata       = 000001ADBD5FECD8
[LOG] SystemI::createSoundInternal             : exinfo->initialseekpostype = 1
[LOG] SystemI::DSPCodecPoolRegister            : register codec pool for pool type 5
[LOG] SystemI::createSoundInternal             : Sample 0/1: name='EXPLOSION_DEATH_VARIANT01_02', format=5, channels=2, frequency=48000, lengthbytes=26688, lengthpcm=179262, pcmblocksize=0, loopstart=0, loopend=0, mode=0x00000000, channelmask=0x00000000, channelorder=0, peakvolume=0.963283.
[LOG] SoundI::release                          :  (000001ADBD6B8288)
[LOG] SoundI::release                          :     EXPLOSION_DEATH_VARIANT01_02 (000001ADB81ECE78)
[LOG] Manager::readBank                        : fileversion = 135, compatVersion = 132 (oldest = 44, newest = 135)
[LOG] PlaybackSystem::acquireMasterBus         : Setting master channel group format to 6
[LOG] Manager::readBank                        : fileversion = 135, compatVersion = 132 (oldest = 44, newest = 135)
[LOG] SystemI::createSoundInternal             : Create name='', mode=0x02000202
[LOG] SystemI::createSoundInternal             : exinfo->cbsize             = 224
[LOG] SystemI::createSoundInternal             : exinfo->length             = 149408
[LOG] SystemI::createSoundInternal             : exinfo->fileoffset         = 6080
[LOG] SystemI::createSoundInternal             : exinfo->numsubsounds       = 1
[LOG] SystemI::createSoundInternal             : exinfo->inclusionlist      = 0000003E015FEF08
[LOG] SystemI::createSoundInternal             : exinfo->inclusionlistnum   = 1
[LOG] SystemI::createSoundInternal             : exinfo->suggestedsoundtype = 5
[LOG] SystemI::createSoundInternal             : exinfo->useropen           = 00007FFE813D7EC0
[LOG] SystemI::createSoundInternal             : exinfo->userclose          = 00007FFE813D7E90
[LOG] SystemI::createSoundInternal             : exinfo->userread           = 00007FFE813D7F90
[LOG] SystemI::createSoundInternal             : exinfo->userseek           = 00007FFE813D8050
[LOG] SystemI::createSoundInternal             : exinfo->fileuserdata       = 000001ADBD5FFB48
[LOG] SystemI::createSoundInternal             : exinfo->initialseekpostype = 1
[LOG] SystemI::DSPCodecPoolRegister            : register codec pool for pool type 5
[LOG] SystemI::createSoundInternal             : Sample 0/1: name='EXPLOSION_DEATH_VARIANT01_03', format=5, channels=2, frequency=48000, lengthbytes=60000, lengthpcm=310604, pcmblocksize=0, loopstart=0, loopend=0, mode=0x00000000, channelmask=0x00000000, channelorder=0, peakvolume=0.937452.
[LOG] SoundI::release                          :  (000001ADBD6B9DD8)
[LOG] SoundI::release                          :     EXPLOSION_DEATH_VARIANT01_03 (000001ADB81ECE78)
[LOG] Manager::readBank                        : fileversion = 135, compatVersion = 132 (oldest = 44, newest = 135)
[LOG] PlaybackSystem::acquireMasterBus         : Setting master channel group format to 6
[LOG] Manager::readBank                        : fileversion = 135, compatVersion = 132 (oldest = 44, newest = 135)
[LOG] SystemI::createSoundInternal             : Create name='', mode=0x02000202
[LOG] SystemI::createSoundInternal             : exinfo->cbsize             = 224
[LOG] SystemI::createSoundInternal             : exinfo->length             = 149408
[LOG] SystemI::createSoundInternal             : exinfo->fileoffset         = 6080
[LOG] SystemI::createSoundInternal             : exinfo->numsubsounds       = 1
[LOG] SystemI::createSoundInternal             : exinfo->inclusionlist      = 0000003E015FEF08
[LOG] SystemI::createSoundInternal             : exinfo->inclusionlistnum   = 1
[LOG] SystemI::createSoundInternal             : exinfo->suggestedsoundtype = 5
[LOG] SystemI::createSoundInternal             : exinfo->useropen           = 00007FFE813D7EC0
[LOG] SystemI::createSoundInternal             : exinfo->userclose          = 00007FFE813D7E90
[LOG] SystemI::createSoundInternal             : exinfo->userread           = 00007FFE813D7F90
[LOG] SystemI::createSoundInternal             : exinfo->userseek           = 00007FFE813D8050
[LOG] SystemI::createSoundInternal             : exinfo->fileuserdata       = 000001ADBD5FFF68
[LOG] SystemI::createSoundInternal             : exinfo->initialseekpostype = 1
[LOG] SystemI::DSPCodecPoolRegister            : register codec pool for pool type 5
[LOG] SystemI::createSoundInternal             : Sample 0/1: name='EXPLOSION_DEATH_VARIANT01_04', format=5, channels=2, frequency=48000, lengthbytes=27520, lengthpcm=217861, pcmblocksize=0, loopstart=0, loopend=0, mode=0x00000000, channelmask=0x00000000, channelorder=0, peakvolume=0.904594.
[LOG] SoundI::release                          :  (000001ADBD6B8288)
[LOG] SoundI::release                          :     EXPLOSION_DEATH_VARIANT01_04 (000001ADB81ECE78)
[LOG] Manager::readBank                        : fileversion = 135, compatVersion = 132 (oldest = 44, newest = 135)
[LOG] PlaybackSystem::acquireMasterBus         : Setting master channel group format to 6
[LOG] Manager::readBank                        : fileversion = 135, compatVersion = 132 (oldest = 44, newest = 135)
[LOG] SystemI::createSoundInternal             : Create name='', mode=0x02000202
[LOG] SystemI::createSoundInternal             : exinfo->cbsize             = 224
[LOG] SystemI::createSoundInternal             : exinfo->length             = 149408
[LOG] SystemI::createSoundInternal             : exinfo->fileoffset         = 6080
[LOG] SystemI::createSoundInternal             : exinfo->numsubsounds       = 1
[LOG] SystemI::createSoundInternal             : exinfo->inclusionlist      = 0000003E015FEF08
[LOG] SystemI::createSoundInternal             : exinfo->inclusionlistnum   = 1
[LOG] SystemI::createSoundInternal             : exinfo->suggestedsoundtype = 5
[LOG] SystemI::createSoundInternal             : exinfo->useropen           = 00007FFE813D7EC0
[LOG] SystemI::createSoundInternal             : exinfo->userclose          = 00007FFE813D7E90
[LOG] SystemI::createSoundInternal             : exinfo->userread           = 00007FFE813D7F90
[LOG] SystemI::createSoundInternal             : exinfo->userseek           = 00007FFE813D8050
[LOG] SystemI::createSoundInternal             : exinfo->fileuserdata       = 000001ADBD5FECD8
[LOG] SystemI::createSoundInternal             : exinfo->initialseekpostype = 1
[LOG] SystemI::DSPCodecPoolRegister            : register codec pool for pool type 5
[LOG] SystemI::createSoundInternal             : Sample 0/1: name='EXPLOSION_DEATH_VARIANT01_01', format=5, channels=2, frequency=48000, lengthbytes=34752, lengthpcm=232286, pcmblocksize=0, loopstart=0, loopend=0, mode=0x00000000, channelmask=0x00000000, channelorder=0, peakvolume=0.861066.
[LOG] SoundI::release                          :  (000001ADBD6B8288)
[LOG] SoundI::release                          :     EXPLOSION_DEATH_VARIANT01_01 (000001ADB81E9258)
[LOG] Manager::readBank                        : fileversion = 135, compatVersion = 132 (oldest = 44, newest = 135)
[LOG] PlaybackSystem::acquireMasterBus         : Setting master channel group format to 6
[LOG] Manager::readBank                        : fileversion = 135, compatVersion = 132 (oldest = 44, newest = 135)
[LOG] SystemI::createSoundInternal             : Create name='', mode=0x02000202
[LOG] SystemI::createSoundInternal             : exinfo->cbsize             = 224
[LOG] SystemI::createSoundInternal             : exinfo->length             = 149408
[LOG] SystemI::createSoundInternal             : exinfo->fileoffset         = 6080
[LOG] SystemI::createSoundInternal             : exinfo->numsubsounds       = 1
[LOG] SystemI::createSoundInternal             : exinfo->inclusionlist      = 0000003E015FEF08
[LOG] SystemI::createSoundInternal             : exinfo->inclusionlistnum   = 1
[LOG] SystemI::createSoundInternal             : exinfo->suggestedsoundtype = 5
[LOG] SystemI::createSoundInternal             : exinfo->useropen           = 00007FFE813D7EC0
[LOG] SystemI::createSoundInternal             : exinfo->userclose          = 00007FFE813D7E90
[LOG] SystemI::createSoundInternal             : exinfo->userread           = 00007FFE813D7F90
[LOG] SystemI::createSoundInternal             : exinfo->userseek           = 00007FFE813D8050
[LOG] SystemI::createSoundInternal             : exinfo->fileuserdata       = 000001AD1BC53CE8
[LOG] SystemI::createSoundInternal             : exinfo->initialseekpostype = 1
[LOG] SystemI::DSPCodecPoolRegister            : register codec pool for pool type 5
[LOG] SystemI::createSoundInternal             : Sample 0/1: name='EXPLOSION_DEATH_VARIANT01_02', format=5, channels=2, frequency=48000, lengthbytes=26688, lengthpcm=179262, pcmblocksize=0, loopstart=0, loopend=0, mode=0x00000000, channelmask=0x00000000, channelorder=0, peakvolume=0.963283.
[LOG] SoundI::release                          :  (000001ADBD6B8288)
[LOG] SoundI::release                          :     EXPLOSION_DEATH_VARIANT01_02 (000001ADB81ECE78)
[LOG] Manager::readBank                        : fileversion = 135, compatVersion = 132 (oldest = 44, newest = 135)
[LOG] PlaybackSystem::acquireMasterBus         : Setting master channel group format to 6
[LOG] Manager::readBank                        : fileversion = 135, compatVersion = 132 (oldest = 44, newest = 135)
[LOG] SystemI::createSoundInternal             : Create name='', mode=0x02000202
[LOG] SystemI::createSoundInternal             : exinfo->cbsize             = 224
[LOG] SystemI::createSoundInternal             : exinfo->length             = 149408
[LOG] SystemI::createSoundInternal             : exinfo->fileoffset         = 6080
[LOG] SystemI::createSoundInternal             : exinfo->numsubsounds       = 1
[LOG] SystemI::createSoundInternal             : exinfo->inclusionlist      = 0000003E015FEF08
[LOG] SystemI::createSoundInternal             : exinfo->inclusionlistnum   = 1
[LOG] SystemI::createSoundInternal             : exinfo->suggestedsoundtype = 5
[LOG] SystemI::createSoundInternal             : exinfo->useropen           = 00007FFE813D7EC0
[LOG] SystemI::createSoundInternal             : exinfo->userclose          = 00007FFE813D7E90
[LOG] SystemI::createSoundInternal             : exinfo->userread           = 00007FFE813D7F90
[LOG] SystemI::createSoundInternal             : exinfo->userseek           = 00007FFE813D8050
[LOG] SystemI::createSoundInternal             : exinfo->fileuserdata       = 000001AD1BC54108
[LOG] SystemI::createSoundInternal             : exinfo->initialseekpostype = 1
[LOG] SystemI::DSPCodecPoolRegister            : register codec pool for pool type 5
[LOG] SystemI::createSoundInternal             : Sample 0/1: name='EXPLOSION_DEATH_VARIANT01_02', format=5, channels=2, frequency=48000, lengthbytes=26688, lengthpcm=179262, pcmblocksize=0, loopstart=0, loopend=0, mode=0x00000000, channelmask=0x00000000, channelorder=0, peakvolume=0.963283.
[LOG] SoundI::release                          :  (000001ADBD6B8288)
[LOG] SoundI::release                          :     EXPLOSION_DEATH_VARIANT01_02 (000001ADB81ECE78)
[LOG] Manager::readBank                        : fileversion = 135, compatVersion = 132 (oldest = 44, newest = 135)
[LOG] PlaybackSystem::acquireMasterBus         : Setting master channel group format to 6
[LOG] Manager::readBank                        : fileversion = 135, compatVersion = 132 (oldest = 44, newest = 135)
[LOG] SystemI::createSoundInternal             : Create name='', mode=0x02000202
[LOG] SystemI::createSoundInternal             : exinfo->cbsize             = 224
[LOG] SystemI::createSoundInternal             : exinfo->length             = 149408
[LOG] SystemI::createSoundInternal             : exinfo->fileoffset         = 6080
[LOG] SystemI::createSoundInternal             : exinfo->numsubsounds       = 1
[LOG] SystemI::createSoundInternal             : exinfo->inclusionlist      = 0000003E015FEF08
[LOG] SystemI::createSoundInternal             : exinfo->inclusionlistnum   = 1
[LOG] SystemI::createSoundInternal             : exinfo->suggestedsoundtype = 5
[LOG] SystemI::createSoundInternal             : exinfo->useropen           = 00007FFE813D7EC0
[LOG] SystemI::createSoundInternal             : exinfo->userclose          = 00007FFE813D7E90
[LOG] SystemI::createSoundInternal             : exinfo->userread           = 00007FFE813D7F90
[LOG] SystemI::createSoundInternal             : exinfo->userseek           = 00007FFE813D8050
[LOG] SystemI::createSoundInternal             : exinfo->fileuserdata       = 000001AD1BC56C58
[LOG] SystemI::createSoundInternal             : exinfo->initialseekpostype = 1
[LOG] SystemI::DSPCodecPoolRegister            : register codec pool for pool type 5
[LOG] SystemI::createSoundInternal             : Sample 0/1: name='EXPLOSION_DEATH_VARIANT01_04', format=5, channels=2, frequency=48000, lengthbytes=27520, lengthpcm=217861, pcmblocksize=0, loopstart=0, loopend=0, mode=0x00000000, channelmask=0x00000000, channelorder=0, peakvolume=0.904594.
[LOG] SoundI::release                          :  (000001ADBD6B8288)
[LOG] SoundI::release                          :     EXPLOSION_DEATH_VARIANT01_04 (000001ADB81ECE78)
[LOG] Manager::readBank                        : fileversion = 135, compatVersion = 132 (oldest = 44, newest = 135)
[LOG] PlaybackSystem::acquireMasterBus         : Setting master channel group format to 6
[LOG] Manager::readBank                        : fileversion = 135, compatVersion = 132 (oldest = 44, newest = 135)
[LOG] SystemI::createSoundInternal             : Create name='', mode=0x02000202
[LOG] SystemI::createSoundInternal             : exinfo->cbsize             = 224
[LOG] SystemI::createSoundInternal             : exinfo->length             = 149408
[LOG] SystemI::createSoundInternal             : exinfo->fileoffset         = 6080
[LOG] SystemI::createSoundInternal             : exinfo->numsubsounds       = 1
[LOG] SystemI::createSoundInternal             : exinfo->inclusionlist      = 0000003E015FEF08
[LOG] SystemI::createSoundInternal             : exinfo->inclusionlistnum   = 1
[LOG] SystemI::createSoundInternal             : exinfo->suggestedsoundtype = 5
[LOG] SystemI::createSoundInternal             : exinfo->useropen           = 00007FFE813D7EC0
[LOG] SystemI::createSoundInternal             : exinfo->userclose          = 00007FFE813D7E90
[LOG] SystemI::createSoundInternal             : exinfo->userread           = 00007FFE813D7F90
[LOG] SystemI::createSoundInternal             : exinfo->userseek           = 00007FFE813D8050
[LOG] SystemI::createSoundInternal             : exinfo->fileuserdata       = 000001AD1BC580F8
[LOG] SystemI::createSoundInternal             : exinfo->initialseekpostype = 1
[LOG] SystemI::DSPCodecPoolRegister            : register codec pool for pool type 5
[LOG] SystemI::createSoundInternal             : Sample 0/1: name='EXPLOSION_DEATH_VARIANT01_03', format=5, channels=2, frequency=48000, lengthbytes=60000, lengthpcm=310604, pcmblocksize=0, loopstart=0, loopend=0, mode=0x00000000, channelmask=0x00000000, channelorder=0, peakvolume=0.937452.
[LOG] SoundI::release                          :  (000001ADBD6BA228)
[LOG] SoundI::release                          :     EXPLOSION_DEATH_VARIANT01_03 (000001ADB81EA438)
[LOG] Manager::readBank                        : fileversion = 135, compatVersion = 132 (oldest = 44, newest = 135)
[LOG] PlaybackSystem::acquireMasterBus         : Setting master channel group format to 6
[LOG] Manager::readBank                        : fileversion = 135, compatVersion = 132 (oldest = 44, newest = 135)
[LOG] SystemI::createSoundInternal             : Create name='', mode=0x02000202
[LOG] SystemI::createSoundInternal             : exinfo->cbsize             = 224
[LOG] SystemI::createSoundInternal             : exinfo->length             = 149408
[LOG] SystemI::createSoundInternal             : exinfo->fileoffset         = 6080
[LOG] SystemI::createSoundInternal             : exinfo->numsubsounds       = 1
[LOG] SystemI::createSoundInternal             : exinfo->inclusionlist      = 0000003E015FEF08
[LOG] SystemI::createSoundInternal             : exinfo->inclusionlistnum   = 1
[LOG] SystemI::createSoundInternal             : exinfo->suggestedsoundtype = 5
[LOG] SystemI::createSoundInternal             : exinfo->useropen           = 00007FFE813D7EC0
[LOG] SystemI::createSoundInternal             : exinfo->userclose          = 00007FFE813D7E90
[LOG] SystemI::createSoundInternal             : exinfo->userread           = 00007FFE813D7F90
[LOG] SystemI::createSoundInternal             : exinfo->userseek           = 00007FFE813D8050
[LOG] SystemI::createSoundInternal             : exinfo->fileuserdata       = 000001AD1BC555A8
[LOG] SystemI::createSoundInternal             : exinfo->initialseekpostype = 1
[LOG] SystemI::DSPCodecPoolRegister            : register codec pool for pool type 5
[LOG] SystemI::createSoundInternal             : Sample 0/1: name='EXPLOSION_DEATH_VARIANT01_02', format=5, channels=2, frequency=48000, lengthbytes=26688, lengthpcm=179262, pcmblocksize=0, loopstart=0, loopend=0, mode=0x00000000, channelmask=0x00000000, channelorder=0, peakvolume=0.963283.
[LOG] SoundI::release                          :  (000001ADBD6B9538)
[LOG] SoundI::release                          :     EXPLOSION_DEATH_VARIANT01_02 (000001ADB81ECE78)
